<?xml version="1.0" encoding="UTF-8"?>
<testsuite name="serviceTest.BlogServiceTest" tests="13" skipped="0" failures="0" errors="0" timestamp="2024-05-03T12:32:59" hostname="Emilys-MacBook-Pro.local" time="0.319">
  <properties/>
  <testcase name="delete: 블로그 글 삭제" classname="serviceTest.BlogServiceTest" time="0.293"/>
  <testcase name="addArticleFailEmailTest: 새로운 글 추가 시 Fail - email" classname="serviceTest.BlogServiceTest" time="0.003"/>
  <testcase name="addArticleFailTitleTest: 새로운 글 추가 시 Fail - title" classname="serviceTest.BlogServiceTest" time="0.001"/>
  <testcase name="addArticlePasswordTest: 새로운 글 추가 시 Fail - password" classname="serviceTest.BlogServiceTest" time="0.001"/>
  <testcase name="find By Id Exception Test: findbyId 에러" classname="serviceTest.BlogServiceTest" time="0.003"/>
  <testcase name="update: 블로그 글 수정" classname="serviceTest.BlogServiceTest" time="0.003"/>
  <testcase name="addArticleFailPhoneNumTest: 새로운 글 추가 시 Fail - phoneNumber" classname="serviceTest.BlogServiceTest" time="0.001"/>
  <testcase name="findArticles: 모든 글을 조회한다." classname="serviceTest.BlogServiceTest" time="0.001"/>
  <testcase name="addArticleFailContentTest: 새로운 글 추가 시 Fail - content" classname="serviceTest.BlogServiceTest" time="0.0"/>
  <testcase name="delete: 블로그 글 삭제 - softDelete" classname="serviceTest.BlogServiceTest" time="0.004"/>
  <testcase name="find By Id: id로 글 조회" classname="serviceTest.BlogServiceTest" time="0.001"/>
  <testcase name="addArticle: 새로운 글을 추가한다." classname="serviceTest.BlogServiceTest" time="0.002"/>
  <testcase name="Update Exception Test: 업데이트 에러" classname="serviceTest.BlogServiceTest" time="0.001"/>
  <system-out><![CDATA[2024-05-03T21:33:00.116559
]]></system-out>
  <system-err><![CDATA[]]></system-err>
</testsuite>
